<?xml version="1.0" encoding="UTF-8"?>
<!-- Generated by org.testng.reporters.JUnitXMLReporter -->
<testsuite ignored="0" hostname="LAPTOP-INMNTR7E" failures="0" tests="3" name="Default test" time="59.346" errors="0" timestamp="2025-01-11T09:08:39 EST">
  <testcase classname="runner.CreateLeadRunner" name="runCreateAccount" time="10.231"/>
  <testcase classname="runner.CreateLeadRunner" name="runCreateAccount" time="10.032"/>
  <testcase classname="runner.CreateLeadRunner" name="runCreateAccount" time="9.443"/>
</testsuite> <!-- Default test -->
