<?xml version="1.0" encoding="UTF-8"?>
<!-- Generated by org.testng.reporters.JUnitXMLReporter -->
<testsuite ignored="0" hostname="LAPTOP-INMNTR7E" failures="0" tests="3" name="SeqTest" time="66.389" errors="0" timestamp="2025-01-10T06:36:28 EST">
  <testcase classname="runner.CreateLeadRunner" name="runCreateAccount" time="12.091"/>
  <testcase classname="runner.CreateLeadRunner" name="runCreateAccount" time="10.769"/>
  <testcase classname="runner.CreateLeadRunner" name="runCreateAccount" time="10.67"/>
</testsuite> <!-- SeqTest -->
