<?xml version="1.0" encoding="UTF-8"?>
<testng-results ignored="0" total="3" passed="3" failed="0" skipped="0">
  <reporter-output>
  </reporter-output>
  <suite started-at="2025-01-10T06:35:21 EST" name="SeqSuite" finished-at="2025-01-10T06:36:27 EST" duration-ms="66389">
    <groups>
      <group name="cucumber">
        <method signature="AbstractTestNGCucumberTests.runScenario(io.cucumber.testng.PickleWrapper,io.cucumber.testng.FeatureWrapper)[pri:0, instance:runner.CreateLeadRunner@198b6731]" name="runScenario" class="io.cucumber.testng.AbstractTestNGCucumberTests"/>
      </group> <!-- cucumber -->
    </groups>
    <test started-at="2025-01-10T06:35:21 EST" name="SeqTest" finished-at="2025-01-10T06:36:27 EST" duration-ms="66389">
      <class name="runner.CreateLeadRunner">
        <test-method is-config="true" signature="startReport()[pri:0, instance:runner.CreateLeadRunner@198b6731]" started-at="2025-01-10T06:35:21 EST" name="startReport" finished-at="2025-01-10T06:35:21 EST" duration-ms="265" status="PASS">
          <reporter-output>
          </reporter-output>
        </test-method> <!-- startReport -->
        <test-method is-config="true" signature="set()[pri:0, instance:runner.CreateLeadRunner@198b6731]" started-at="2025-01-10T06:35:21 EST" name="set" finished-at="2025-01-10T06:35:21 EST" duration-ms="0" status="PASS">
          <reporter-output>
          </reporter-output>
        </test-method> <!-- set -->
        <test-method is-config="true" signature="setUpClass(org.testng.ITestContext)[pri:0, instance:runner.CreateLeadRunner@198b6731]" started-at="2025-01-10T06:35:21 EST" name="setUpClass" finished-at="2025-01-10T06:35:21 EST" duration-ms="141" status="PASS">
          <params>
            <param index="0">
              <value>
                <![CDATA[org.testng.TestRunner@1c62c3fd]]>
              </value>
            </param>
          </params>
          <reporter-output>
          </reporter-output>
        </test-method> <!-- setUpClass -->
        <test-method is-config="true" signature="reportDetails()[pri:0, instance:runner.CreateLeadRunner@198b6731]" started-at="2025-01-10T06:35:21 EST" name="reportDetails" finished-at="2025-01-10T06:35:21 EST" duration-ms="5" status="PASS">
          <reporter-output>
          </reporter-output>
        </test-method> <!-- reportDetails -->
        <test-method is-config="true" signature="preConditions()[pri:0, instance:runner.CreateLeadRunner@198b6731]" started-at="2025-01-10T06:35:22 EST" name="preConditions" finished-at="2025-01-10T06:35:26 EST" duration-ms="4187" status="PASS">
          <reporter-output>
          </reporter-output>
        </test-method> <!-- preConditions -->
        <test-method is-config="true" signature="setNode()[pri:0, instance:runner.CreateLeadRunner@198b6731]" started-at="2025-01-10T06:35:26 EST" name="setNode" finished-at="2025-01-10T06:35:26 EST" duration-ms="0" status="PASS">
          <reporter-output>
          </reporter-output>
        </test-method> <!-- setNode -->
        <test-method is-config="true" signature="setup()[pri:0, instance:runner.CreateLeadRunner@198b6731]" started-at="2025-01-10T06:35:26 EST" name="setup" finished-at="2025-01-10T06:35:35 EST" duration-ms="8628" status="PASS">
          <reporter-output>
          </reporter-output>
        </test-method> <!-- setup -->
        <test-method signature="runCreateAccount(java.lang.String,java.lang.String,java.lang.String)[pri:0, instance:runner.CreateLeadRunner@198b6731]" started-at="2025-01-10T06:35:35 EST" name="runCreateAccount" data-provider="ExcelData" finished-at="2025-01-10T06:35:47 EST" duration-ms="12091" status="PASS">
          <params>
            <param index="0">
              <value>
                <![CDATA[Rayaan]]>
              </value>
            </param>
            <param index="1">
              <value>
                <![CDATA[Mumbai]]>
              </value>
            </param>
            <param index="2">
              <value>
                <![CDATA[Low]]>
              </value>
            </param>
          </params>
          <reporter-output>
          </reporter-output>
        </test-method> <!-- runCreateAccount -->
        <test-method is-config="true" signature="postConditions()[pri:0, instance:runner.CreateLeadRunner@198b6731]" started-at="2025-01-10T06:35:47 EST" name="postConditions" finished-at="2025-01-10T06:35:47 EST" duration-ms="281" status="PASS">
          <reporter-output>
          </reporter-output>
        </test-method> <!-- postConditions -->
        <test-method is-config="true" signature="preConditions()[pri:0, instance:runner.CreateLeadRunner@198b6731]" started-at="2025-01-10T06:35:47 EST" name="preConditions" finished-at="2025-01-10T06:35:49 EST" duration-ms="1670" status="PASS">
          <reporter-output>
          </reporter-output>
        </test-method> <!-- preConditions -->
        <test-method is-config="true" signature="setNode()[pri:0, instance:runner.CreateLeadRunner@198b6731]" started-at="2025-01-10T06:35:49 EST" name="setNode" finished-at="2025-01-10T06:35:49 EST" duration-ms="1" status="PASS">
          <reporter-output>
          </reporter-output>
        </test-method> <!-- setNode -->
        <test-method is-config="true" signature="setup()[pri:0, instance:runner.CreateLeadRunner@198b6731]" started-at="2025-01-10T06:35:49 EST" name="setup" finished-at="2025-01-10T06:35:56 EST" duration-ms="6868" status="PASS">
          <reporter-output>
          </reporter-output>
        </test-method> <!-- setup -->
        <test-method signature="runCreateAccount(java.lang.String,java.lang.String,java.lang.String)[pri:0, instance:runner.CreateLeadRunner@198b6731]" started-at="2025-01-10T06:35:56 EST" name="runCreateAccount" data-provider="ExcelData" finished-at="2025-01-10T06:36:07 EST" duration-ms="10769" status="PASS">
          <params>
            <param index="0">
              <value>
                <![CDATA[Yashika]]>
              </value>
            </param>
            <param index="1">
              <value>
                <![CDATA[Chennai]]>
              </value>
            </param>
            <param index="2">
              <value>
                <![CDATA[Medium]]>
              </value>
            </param>
          </params>
          <reporter-output>
          </reporter-output>
        </test-method> <!-- runCreateAccount -->
        <test-method is-config="true" signature="postConditions()[pri:0, instance:runner.CreateLeadRunner@198b6731]" started-at="2025-01-10T06:36:07 EST" name="postConditions" finished-at="2025-01-10T06:36:07 EST" duration-ms="196" status="PASS">
          <reporter-output>
          </reporter-output>
        </test-method> <!-- postConditions -->
        <test-method is-config="true" signature="preConditions()[pri:0, instance:runner.CreateLeadRunner@198b6731]" started-at="2025-01-10T06:36:07 EST" name="preConditions" finished-at="2025-01-10T06:36:08 EST" duration-ms="1612" status="PASS">
          <reporter-output>
          </reporter-output>
        </test-method> <!-- preConditions -->
        <test-method is-config="true" signature="setNode()[pri:0, instance:runner.CreateLeadRunner@198b6731]" started-at="2025-01-10T06:36:08 EST" name="setNode" finished-at="2025-01-10T06:36:08 EST" duration-ms="1" status="PASS">
          <reporter-output>
          </reporter-output>
        </test-method> <!-- setNode -->
        <test-method is-config="true" signature="setup()[pri:0, instance:runner.CreateLeadRunner@198b6731]" started-at="2025-01-10T06:36:08 EST" name="setup" finished-at="2025-01-10T06:36:17 EST" duration-ms="8234" status="PASS">
          <reporter-output>
          </reporter-output>
        </test-method> <!-- setup -->
        <test-method signature="runCreateAccount(java.lang.String,java.lang.String,java.lang.String)[pri:0, instance:runner.CreateLeadRunner@198b6731]" started-at="2025-01-10T06:36:17 EST" name="runCreateAccount" data-provider="ExcelData" finished-at="2025-01-10T06:36:27 EST" duration-ms="10670" status="PASS">
          <params>
            <param index="0">
              <value>
                <![CDATA[Arjun]]>
              </value>
            </param>
            <param index="1">
              <value>
                <![CDATA[Pune]]>
              </value>
            </param>
            <param index="2">
              <value>
                <![CDATA[High]]>
              </value>
            </param>
          </params>
          <reporter-output>
          </reporter-output>
        </test-method> <!-- runCreateAccount -->
        <test-method is-config="true" signature="postConditions()[pri:0, instance:runner.CreateLeadRunner@198b6731]" started-at="2025-01-10T06:36:27 EST" name="postConditions" finished-at="2025-01-10T06:36:27 EST" duration-ms="181" status="PASS">
          <reporter-output>
          </reporter-output>
        </test-method> <!-- postConditions -->
        <test-method is-config="true" signature="tearDownClass()[pri:0, instance:runner.CreateLeadRunner@198b6731]" started-at="2025-01-10T06:36:27 EST" name="tearDownClass" finished-at="2025-01-10T06:36:27 EST" duration-ms="17" status="PASS">
          <reporter-output>
          </reporter-output>
        </test-method> <!-- tearDownClass -->
        <test-method is-config="true" signature="stopReport()[pri:0, instance:runner.CreateLeadRunner@198b6731]" started-at="2025-01-10T06:36:28 EST" name="stopReport" finished-at="2025-01-10T06:36:28 EST" duration-ms="643" status="PASS">
          <reporter-output>
          </reporter-output>
        </test-method> <!-- stopReport -->
      </class> <!-- runner.CreateLeadRunner -->
    </test> <!-- SeqTest -->
  </suite> <!-- SeqSuite -->
</testng-results>
